{"/home/leonardo/Provi-teste/provi-teste/functions/src/business/endpoinsInfo/endpoinsInfo.ts": {"path":"/home/leonardo/Provi-teste/provi-teste/functions/src/business/endpoinsInfo/endpoinsInfo.ts","statementMap":{"0":{"start":{"line":8,"column":38},"end":{"line":15,"column":2}},"1":{"start":{"line":22,"column":26},"end":{"line":22,"column":66}},"2":{"start":{"line":23,"column":33},"end":{"line":23,"column":54}},"3":{"start":{"line":24,"column":30},"end":{"line":24,"column":55}},"4":{"start":{"line":26,"column":2},"end":{"line":28,"column":null}},"5":{"start":{"line":27,"column":4},"end":{"line":27,"column":63}},"6":{"start":{"line":29,"column":23},"end":{"line":29,"column":72}},"7":{"start":{"line":30,"column":26},"end":{"line":30,"column":28}},"8":{"start":{"line":31,"column":29},"end":{"line":31,"column":46}},"9":{"start":{"line":33,"column":2},"end":{"line":37,"column":null}},"10":{"start":{"line":34,"column":4},"end":{"line":36,"column":null}},"11":{"start":{"line":35,"column":6},"end":{"line":35,"column":26}},"12":{"start":{"line":38,"column":2},"end":{"line":40,"column":null}},"13":{"start":{"line":39,"column":4},"end":{"line":39,"column":44}},"14":{"start":{"line":41,"column":2},"end":{"line":44,"column":4}},"15":{"start":{"line":17,"column":0},"end":{"line":17,"column":7}},"16":{"start":{"line":51,"column":20},"end":{"line":51,"column":60}},"17":{"start":{"line":52,"column":20},"end":{"line":52,"column":60}},"18":{"start":{"line":53,"column":22},"end":{"line":53,"column":52}},"19":{"start":{"line":54,"column":22},"end":{"line":54,"column":52}},"20":{"start":{"line":55,"column":2},"end":{"line":55,"column":49}}},"fnMap":{"0":{"name":"getOrderInfo","decl":{"start":{"line":17,"column":22},"end":{"line":17,"column":34}},"loc":{"start":{"line":20,"column":21},"end":{"line":45,"column":1}}},"1":{"name":"getUseCaseOrder","decl":{"start":{"line":47,"column":9},"end":{"line":47,"column":24}},"loc":{"start":{"line":49,"column":17},"end":{"line":56,"column":1}}}},"branchMap":{"0":{"loc":{"start":{"line":26,"column":2},"end":{"line":28,"column":null}},"type":"if","locations":[{"start":{"line":26,"column":2},"end":{"line":28,"column":null}},{"start":{"line":26,"column":2},"end":{"line":28,"column":null}}]},"1":{"loc":{"start":{"line":34,"column":4},"end":{"line":36,"column":null}},"type":"if","locations":[{"start":{"line":34,"column":4},"end":{"line":36,"column":null}},{"start":{"line":34,"column":4},"end":{"line":36,"column":null}}]},"2":{"loc":{"start":{"line":38,"column":2},"end":{"line":40,"column":null}},"type":"if","locations":[{"start":{"line":38,"column":2},"end":{"line":40,"column":null}},{"start":{"line":38,"column":2},"end":{"line":40,"column":null}}]}},"s":{"0":8,"1":7,"2":7,"3":7,"4":7,"5":0,"6":7,"7":7,"8":7,"9":7,"10":42,"11":5,"12":7,"13":6,"14":7,"15":8,"16":7,"17":7,"18":7,"19":7,"20":7},"f":{"0":7,"1":7},"b":{"0":[0,7],"1":[5,37],"2":[6,1]}}
,"/home/leonardo/Provi-teste/provi-teste/functions/src/business/entities/user/user.ts": {"path":"/home/leonardo/Provi-teste/provi-teste/functions/src/business/entities/user/user.ts","statementMap":{"0":{"start":{"line":4,"column":12},"end":{"line":4,"column":22}},"1":{"start":{"line":5,"column":12},"end":{"line":5,"column":25}},"2":{"start":{"line":6,"column":12},"end":{"line":6,"column":28}},"3":{"start":{"line":7,"column":12},"end":{"line":7,"column":24}},"4":{"start":{"line":8,"column":12},"end":{"line":8,"column":26}},"5":{"start":{"line":9,"column":12},"end":{"line":9,"column":27}},"6":{"start":{"line":10,"column":12},"end":{"line":10,"column":30}},"7":{"start":{"line":11,"column":12},"end":{"line":11,"column":29}},"8":{"start":{"line":12,"column":12},"end":{"line":12,"column":29}},"9":{"start":{"line":13,"column":12},"end":{"line":13,"column":25}},"10":{"start":{"line":15,"column":4},"end":{"line":22,"column":6}},"11":{"start":{"line":26,"column":4},"end":{"line":26,"column":19}},"12":{"start":{"line":30,"column":4},"end":{"line":30,"column":20}},"13":{"start":{"line":34,"column":4},"end":{"line":34,"column":26}},"14":{"start":{"line":38,"column":4},"end":{"line":38,"column":25}},"15":{"start":{"line":42,"column":4},"end":{"line":42,"column":25}},"16":{"start":{"line":46,"column":4},"end":{"line":46,"column":22}},"17":{"start":{"line":50,"column":4},"end":{"line":50,"column":22}},"18":{"start":{"line":54,"column":4},"end":{"line":54,"column":25}},"19":{"start":{"line":58,"column":4},"end":{"line":58,"column":23}},"20":{"start":{"line":62,"column":4},"end":{"line":62,"column":31}},"21":{"start":{"line":66,"column":4},"end":{"line":66,"column":21}},"22":{"start":{"line":1,"column":0},"end":{"line":1,"column":13}}},"fnMap":{"0":{"name":"(anonymous_0)","decl":{"start":{"line":3,"column":2},"end":{"line":3,"column":null}},"loc":{"start":{"line":13,"column":25},"end":{"line":23,"column":3}}},"1":{"name":"(anonymous_1)","decl":{"start":{"line":25,"column":9},"end":{"line":25,"column":14}},"loc":{"start":{"line":25,"column":14},"end":{"line":27,"column":3}}},"2":{"name":"(anonymous_2)","decl":{"start":{"line":29,"column":9},"end":{"line":29,"column":15}},"loc":{"start":{"line":29,"column":15},"end":{"line":31,"column":3}}},"3":{"name":"(anonymous_3)","decl":{"start":{"line":33,"column":9},"end":{"line":33,"column":21}},"loc":{"start":{"line":33,"column":21},"end":{"line":35,"column":3}}},"4":{"name":"(anonymous_4)","decl":{"start":{"line":37,"column":9},"end":{"line":37,"column":20}},"loc":{"start":{"line":37,"column":20},"end":{"line":39,"column":3}}},"5":{"name":"(anonymous_5)","decl":{"start":{"line":41,"column":9},"end":{"line":41,"column":20}},"loc":{"start":{"line":41,"column":20},"end":{"line":43,"column":3}}},"6":{"name":"(anonymous_6)","decl":{"start":{"line":45,"column":9},"end":{"line":45,"column":17}},"loc":{"start":{"line":45,"column":17},"end":{"line":47,"column":3}}},"7":{"name":"(anonymous_7)","decl":{"start":{"line":49,"column":9},"end":{"line":49,"column":17}},"loc":{"start":{"line":49,"column":17},"end":{"line":51,"column":3}}},"8":{"name":"(anonymous_8)","decl":{"start":{"line":53,"column":9},"end":{"line":53,"column":20}},"loc":{"start":{"line":53,"column":20},"end":{"line":55,"column":3}}},"9":{"name":"(anonymous_9)","decl":{"start":{"line":57,"column":9},"end":{"line":57,"column":18}},"loc":{"start":{"line":57,"column":18},"end":{"line":59,"column":3}}},"10":{"name":"(anonymous_10)","decl":{"start":{"line":61,"column":9},"end":{"line":61,"column":26}},"loc":{"start":{"line":61,"column":26},"end":{"line":63,"column":3}}},"11":{"name":"(anonymous_11)","decl":{"start":{"line":65,"column":9},"end":{"line":65,"column":16}},"loc":{"start":{"line":65,"column":16},"end":{"line":67,"column":3}}}},"branchMap":{},"s":{"0":19,"1":19,"2":19,"3":19,"4":19,"5":19,"6":19,"7":19,"8":19,"9":19,"10":19,"11":11,"12":1,"13":1,"14":1,"15":1,"16":3,"17":1,"18":12,"19":1,"20":2,"21":1,"22":8},"f":{"0":19,"1":11,"2":1,"3":1,"4":1,"5":1,"6":3,"7":1,"8":12,"9":1,"10":2,"11":1},"b":{}}
,"/home/leonardo/Provi-teste/provi-teste/functions/src/business/useCases/auth/login.ts": {"path":"/home/leonardo/Provi-teste/provi-teste/functions/src/business/useCases/auth/login.ts","statementMap":{"0":{"start":{"line":8,"column":12},"end":{"line":8,"column":46}},"1":{"start":{"line":9,"column":12},"end":{"line":9,"column":59}},"2":{"start":{"line":10,"column":12},"end":{"line":10,"column":69}},"3":{"start":{"line":14,"column":23},"end":{"line":14,"column":73}},"4":{"start":{"line":15,"column":37},"end":{"line":17,"column":null}},"5":{"start":{"line":20,"column":4},"end":{"line":22,"column":null}},"6":{"start":{"line":21,"column":6},"end":{"line":21,"column":50}},"7":{"start":{"line":24,"column":18},"end":{"line":24,"column":72}},"8":{"start":{"line":26,"column":4},"end":{"line":26,"column":21}},"9":{"start":{"line":6,"column":0},"end":{"line":6,"column":13}}},"fnMap":{"0":{"name":"(anonymous_0)","decl":{"start":{"line":7,"column":2},"end":{"line":7,"column":null}},"loc":{"start":{"line":10,"column":69},"end":{"line":11,"column":6}}},"1":{"name":"(anonymous_1)","decl":{"start":{"line":13,"column":2},"end":{"line":13,"column":7}},"loc":{"start":{"line":13,"column":35},"end":{"line":27,"column":3}}}},"branchMap":{"0":{"loc":{"start":{"line":20,"column":4},"end":{"line":22,"column":null}},"type":"if","locations":[{"start":{"line":20,"column":4},"end":{"line":22,"column":null}},{"start":{"line":20,"column":4},"end":{"line":22,"column":null}}]}},"s":{"0":11,"1":11,"2":11,"3":11,"4":10,"5":10,"6":1,"7":9,"8":9,"9":8},"f":{"0":11,"1":11},"b":{"0":[1,9]}}
,"/home/leonardo/Provi-teste/provi-teste/functions/src/business/useCases/user/createUser.ts": {"path":"/home/leonardo/Provi-teste/provi-teste/functions/src/business/useCases/user/createUser.ts","statementMap":{"0":{"start":{"line":5,"column":0},"end":{"line":5,"column":48}},"1":{"start":{"line":9,"column":12},"end":{"line":9,"column":42}},"2":{"start":{"line":10,"column":12},"end":{"line":10,"column":59}},"3":{"start":{"line":11,"column":12},"end":{"line":11,"column":50}},"4":{"start":{"line":12,"column":12},"end":{"line":12,"column":69}},"5":{"start":{"line":16,"column":30},"end":{"line":17,"column":null}},"6":{"start":{"line":19,"column":19},"end":{"line":19,"column":53}},"7":{"start":{"line":20,"column":20},"end":{"line":20,"column":68}},"8":{"start":{"line":21,"column":4},"end":{"line":29,"column":null}},"9":{"start":{"line":22,"column":6},"end":{"line":22,"column":49}},"10":{"start":{"line":23,"column":20},"end":{"line":23,"column":68}},"11":{"start":{"line":24,"column":6},"end":{"line":26,"column":8}},"12":{"start":{"line":28,"column":6},"end":{"line":28,"column":27}},"13":{"start":{"line":7,"column":0},"end":{"line":7,"column":13}}},"fnMap":{"0":{"name":"(anonymous_0)","decl":{"start":{"line":8,"column":2},"end":{"line":8,"column":null}},"loc":{"start":{"line":12,"column":69},"end":{"line":13,"column":6}}},"1":{"name":"(anonymous_1)","decl":{"start":{"line":15,"column":2},"end":{"line":15,"column":7}},"loc":{"start":{"line":15,"column":40},"end":{"line":30,"column":3}}}},"branchMap":{},"s":{"0":8,"1":2,"2":2,"3":2,"4":2,"5":2,"6":2,"7":2,"8":2,"9":2,"10":1,"11":1,"12":1,"13":8},"f":{"0":2,"1":2},"b":{}}
,"/home/leonardo/Provi-teste/provi-teste/functions/src/business/useCases/user/sendAdress.ts": {"path":"/home/leonardo/Provi-teste/provi-teste/functions/src/business/useCases/user/sendAdress.ts","statementMap":{"0":{"start":{"line":12,"column":0},"end":{"line":12,"column":49}},"1":{"start":{"line":13,"column":0},"end":{"line":13,"column":75}},"2":{"start":{"line":17,"column":12},"end":{"line":17,"column":64}},"3":{"start":{"line":18,"column":12},"end":{"line":18,"column":56}},"4":{"start":{"line":19,"column":12},"end":{"line":19,"column":60}},"5":{"start":{"line":20,"column":12},"end":{"line":20,"column":48}},"6":{"start":{"line":21,"column":12},"end":{"line":21,"column":34}},"7":{"start":{"line":25,"column":4},"end":{"line":60,"column":null}},"8":{"start":{"line":26,"column":26},"end":{"line":26,"column":53}},"9":{"start":{"line":27,"column":29},"end":{"line":28,"column":null}},"10":{"start":{"line":30,"column":19},"end":{"line":30,"column":28}},"11":{"start":{"line":31,"column":24},"end":{"line":34,"column":null}},"12":{"start":{"line":36,"column":29},"end":{"line":36,"column":77}},"13":{"start":{"line":38,"column":37},"end":{"line":45,"column":8}},"14":{"start":{"line":47,"column":6},"end":{"line":53,"column":8}},"15":{"start":{"line":54,"column":6},"end":{"line":57,"column":8}},"16":{"start":{"line":59,"column":6},"end":{"line":59,"column":35}},"17":{"start":{"line":64,"column":24},"end":{"line":64,"column":46}},"18":{"start":{"line":65,"column":4},"end":{"line":65,"column":23}},"19":{"start":{"line":72,"column":4},"end":{"line":80,"column":null}},"20":{"start":{"line":79,"column":6},"end":{"line":79,"column":18}},"21":{"start":{"line":81,"column":4},"end":{"line":81,"column":17}},"22":{"start":{"line":88,"column":27},"end":{"line":89,"column":null}},"23":{"start":{"line":91,"column":29},"end":{"line":91,"column":79}},"24":{"start":{"line":92,"column":4},"end":{"line":97,"column":6}},"25":{"start":{"line":15,"column":0},"end":{"line":15,"column":13}}},"fnMap":{"0":{"name":"(anonymous_0)","decl":{"start":{"line":16,"column":2},"end":{"line":16,"column":null}},"loc":{"start":{"line":21,"column":46},"end":{"line":22,"column":6}}},"1":{"name":"(anonymous_1)","decl":{"start":{"line":24,"column":2},"end":{"line":24,"column":7}},"loc":{"start":{"line":24,"column":44},"end":{"line":61,"column":3}}},"2":{"name":"(anonymous_2)","decl":{"start":{"line":63,"column":2},"end":{"line":63,"column":13}},"loc":{"start":{"line":63,"column":25},"end":{"line":66,"column":3}}},"3":{"name":"(anonymous_3)","decl":{"start":{"line":68,"column":2},"end":{"line":68,"column":24}},"loc":{"start":{"line":70,"column":32},"end":{"line":82,"column":3}}},"4":{"name":"(anonymous_4)","decl":{"start":{"line":84,"column":2},"end":{"line":84,"column":7}},"loc":{"start":{"line":86,"column":32},"end":{"line":98,"column":3}}}},"branchMap":{"0":{"loc":{"start":{"line":21,"column":34},"end":{"line":21,"column":46}},"type":"default-arg","locations":[{"start":{"line":21,"column":34},"end":{"line":21,"column":46}}]},"1":{"loc":{"start":{"line":72,"column":4},"end":{"line":80,"column":null}},"type":"if","locations":[{"start":{"line":72,"column":4},"end":{"line":80,"column":null}},{"start":{"line":72,"column":4},"end":{"line":80,"column":null}}]},"2":{"loc":{"start":{"line":73,"column":6},"end":{"line":74,"column":52}},"type":"binary-expr","locations":[{"start":{"line":73,"column":6},"end":{"line":74,"column":52}},{"start":{"line":75,"column":6},"end":{"line":76,"column":52}},{"start":{"line":77,"column":6},"end":{"line":77,"column":72}}]}},"s":{"0":8,"1":8,"2":1,"3":1,"4":1,"5":1,"6":1,"7":1,"8":1,"9":1,"10":1,"11":1,"12":1,"13":1,"14":1,"15":1,"16":0,"17":1,"18":1,"19":1,"20":0,"21":1,"22":1,"23":1,"24":1,"25":8},"f":{"0":1,"1":1,"2":1,"3":1,"4":1},"b":{"0":[1],"1":[0,1],"2":[1,1,1]}}
,"/home/leonardo/Provi-teste/provi-teste/functions/src/business/useCases/user/sendAmountRequested.ts": {"path":"/home/leonardo/Provi-teste/provi-teste/functions/src/business/useCases/user/sendAmountRequested.ts","statementMap":{"0":{"start":{"line":6,"column":0},"end":{"line":6,"column":49}},"1":{"start":{"line":7,"column":0},"end":{"line":7,"column":75}},"2":{"start":{"line":11,"column":12},"end":{"line":11,"column":64}},"3":{"start":{"line":12,"column":12},"end":{"line":12,"column":66}},"4":{"start":{"line":13,"column":12},"end":{"line":13,"column":48}},"5":{"start":{"line":14,"column":12},"end":{"line":14,"column":34}},"6":{"start":{"line":20,"column":4},"end":{"line":42,"column":null}},"7":{"start":{"line":21,"column":29},"end":{"line":22,"column":null}},"8":{"start":{"line":24,"column":19},"end":{"line":24,"column":28}},"9":{"start":{"line":25,"column":24},"end":{"line":28,"column":null}},"10":{"start":{"line":30,"column":6},"end":{"line":35,"column":8}},"11":{"start":{"line":36,"column":6},"end":{"line":39,"column":8}},"12":{"start":{"line":41,"column":6},"end":{"line":41,"column":35}},"13":{"start":{"line":9,"column":0},"end":{"line":9,"column":13}}},"fnMap":{"0":{"name":"(anonymous_0)","decl":{"start":{"line":10,"column":2},"end":{"line":10,"column":null}},"loc":{"start":{"line":14,"column":55},"end":{"line":15,"column":6}}},"1":{"name":"(anonymous_1)","decl":{"start":{"line":17,"column":2},"end":{"line":17,"column":7}},"loc":{"start":{"line":18,"column":37},"end":{"line":43,"column":3}}}},"branchMap":{"0":{"loc":{"start":{"line":14,"column":34},"end":{"line":14,"column":55}},"type":"default-arg","locations":[{"start":{"line":14,"column":34},"end":{"line":14,"column":55}}]}},"s":{"0":8,"1":8,"2":1,"3":1,"4":1,"5":1,"6":1,"7":1,"8":1,"9":1,"10":1,"11":1,"12":0,"13":8},"f":{"0":1,"1":1},"b":{"0":[1]}}
,"/home/leonardo/Provi-teste/provi-teste/functions/src/business/useCases/user/sendBirthday.ts": {"path":"/home/leonardo/Provi-teste/provi-teste/functions/src/business/useCases/user/sendBirthday.ts","statementMap":{"0":{"start":{"line":6,"column":0},"end":{"line":6,"column":49}},"1":{"start":{"line":7,"column":0},"end":{"line":7,"column":75}},"2":{"start":{"line":11,"column":12},"end":{"line":11,"column":59}},"3":{"start":{"line":12,"column":12},"end":{"line":12,"column":60}},"4":{"start":{"line":13,"column":12},"end":{"line":13,"column":48}},"5":{"start":{"line":14,"column":12},"end":{"line":14,"column":34}},"6":{"start":{"line":20,"column":4},"end":{"line":43,"column":null}},"7":{"start":{"line":21,"column":29},"end":{"line":22,"column":null}},"8":{"start":{"line":25,"column":19},"end":{"line":25,"column":28}},"9":{"start":{"line":26,"column":24},"end":{"line":29,"column":null}},"10":{"start":{"line":31,"column":6},"end":{"line":36,"column":8}},"11":{"start":{"line":37,"column":6},"end":{"line":40,"column":8}},"12":{"start":{"line":42,"column":6},"end":{"line":42,"column":35}},"13":{"start":{"line":9,"column":0},"end":{"line":9,"column":13}}},"fnMap":{"0":{"name":"(anonymous_0)","decl":{"start":{"line":10,"column":2},"end":{"line":10,"column":null}},"loc":{"start":{"line":14,"column":48},"end":{"line":15,"column":6}}},"1":{"name":"(anonymous_1)","decl":{"start":{"line":17,"column":2},"end":{"line":17,"column":7}},"loc":{"start":{"line":18,"column":34},"end":{"line":44,"column":3}}}},"branchMap":{"0":{"loc":{"start":{"line":14,"column":34},"end":{"line":14,"column":48}},"type":"default-arg","locations":[{"start":{"line":14,"column":34},"end":{"line":14,"column":48}}]}},"s":{"0":8,"1":8,"2":1,"3":1,"4":1,"5":1,"6":1,"7":1,"8":1,"9":1,"10":1,"11":1,"12":0,"13":8},"f":{"0":1,"1":1},"b":{"0":[1]}}
,"/home/leonardo/Provi-teste/provi-teste/functions/src/business/useCases/user/sendCpf.ts": {"path":"/home/leonardo/Provi-teste/provi-teste/functions/src/business/useCases/user/sendCpf.ts","statementMap":{"0":{"start":{"line":6,"column":0},"end":{"line":6,"column":28}},"1":{"start":{"line":7,"column":0},"end":{"line":7,"column":49}},"2":{"start":{"line":8,"column":0},"end":{"line":8,"column":75}},"3":{"start":{"line":11,"column":12},"end":{"line":11,"column":64}},"4":{"start":{"line":12,"column":12},"end":{"line":12,"column":50}},"5":{"start":{"line":13,"column":12},"end":{"line":13,"column":48}},"6":{"start":{"line":14,"column":12},"end":{"line":14,"column":34}},"7":{"start":{"line":18,"column":4},"end":{"line":39,"column":null}},"8":{"start":{"line":19,"column":21},"end":{"line":20,"column":null}},"9":{"start":{"line":22,"column":6},"end":{"line":24,"column":null}},"10":{"start":{"line":23,"column":8},"end":{"line":23,"column":69}},"11":{"start":{"line":25,"column":19},"end":{"line":25,"column":28}},"12":{"start":{"line":26,"column":26},"end":{"line":26,"column":48}},"13":{"start":{"line":27,"column":24},"end":{"line":30,"column":null}},"14":{"start":{"line":32,"column":6},"end":{"line":32,"column":75}},"15":{"start":{"line":33,"column":6},"end":{"line":36,"column":8}},"16":{"start":{"line":38,"column":6},"end":{"line":38,"column":35}},"17":{"start":{"line":9,"column":0},"end":{"line":9,"column":13}}},"fnMap":{"0":{"name":"(anonymous_1)","decl":{"start":{"line":10,"column":2},"end":{"line":10,"column":null}},"loc":{"start":{"line":14,"column":43},"end":{"line":15,"column":6}}},"1":{"name":"(anonymous_2)","decl":{"start":{"line":17,"column":2},"end":{"line":17,"column":7}},"loc":{"start":{"line":17,"column":41},"end":{"line":40,"column":3}}}},"branchMap":{"0":{"loc":{"start":{"line":14,"column":34},"end":{"line":14,"column":43}},"type":"default-arg","locations":[{"start":{"line":14,"column":34},"end":{"line":14,"column":43}}]},"1":{"loc":{"start":{"line":22,"column":6},"end":{"line":24,"column":null}},"type":"if","locations":[{"start":{"line":22,"column":6},"end":{"line":24,"column":null}},{"start":{"line":22,"column":6},"end":{"line":24,"column":null}}]}},"s":{"0":8,"1":8,"2":8,"3":3,"4":3,"5":3,"6":3,"7":3,"8":3,"9":3,"10":1,"11":2,"12":2,"13":2,"14":2,"15":1,"16":2,"17":8},"f":{"0":3,"1":3},"b":{"0":[3],"1":[1,2]}}
,"/home/leonardo/Provi-teste/provi-teste/functions/src/business/useCases/user/sendFullName.ts": {"path":"/home/leonardo/Provi-teste/provi-teste/functions/src/business/useCases/user/sendFullName.ts","statementMap":{"0":{"start":{"line":6,"column":0},"end":{"line":6,"column":75}},"1":{"start":{"line":7,"column":0},"end":{"line":7,"column":49}},"2":{"start":{"line":11,"column":12},"end":{"line":11,"column":64}},"3":{"start":{"line":12,"column":12},"end":{"line":12,"column":60}},"4":{"start":{"line":13,"column":12},"end":{"line":13,"column":48}},"5":{"start":{"line":14,"column":12},"end":{"line":14,"column":35}},"6":{"start":{"line":20,"column":4},"end":{"line":43,"column":null}},"7":{"start":{"line":21,"column":21},"end":{"line":22,"column":null}},"8":{"start":{"line":25,"column":19},"end":{"line":25,"column":28}},"9":{"start":{"line":26,"column":24},"end":{"line":29,"column":null}},"10":{"start":{"line":31,"column":6},"end":{"line":36,"column":8}},"11":{"start":{"line":37,"column":6},"end":{"line":40,"column":8}},"12":{"start":{"line":42,"column":6},"end":{"line":42,"column":35}},"13":{"start":{"line":9,"column":0},"end":{"line":9,"column":13}}},"fnMap":{"0":{"name":"(anonymous_0)","decl":{"start":{"line":10,"column":2},"end":{"line":10,"column":null}},"loc":{"start":{"line":14,"column":49},"end":{"line":15,"column":6}}},"1":{"name":"(anonymous_1)","decl":{"start":{"line":17,"column":2},"end":{"line":17,"column":7}},"loc":{"start":{"line":18,"column":34},"end":{"line":44,"column":3}}}},"branchMap":{"0":{"loc":{"start":{"line":14,"column":35},"end":{"line":14,"column":49}},"type":"default-arg","locations":[{"start":{"line":14,"column":35},"end":{"line":14,"column":49}}]}},"s":{"0":8,"1":8,"2":1,"3":1,"4":1,"5":1,"6":1,"7":1,"8":1,"9":1,"10":1,"11":1,"12":0,"13":8},"f":{"0":1,"1":1},"b":{"0":[1]}}
,"/home/leonardo/Provi-teste/provi-teste/functions/src/business/useCases/user/sendPhoneNumber.ts": {"path":"/home/leonardo/Provi-teste/provi-teste/functions/src/business/useCases/user/sendPhoneNumber.ts","statementMap":{"0":{"start":{"line":6,"column":0},"end":{"line":6,"column":49}},"1":{"start":{"line":7,"column":0},"end":{"line":7,"column":75}},"2":{"start":{"line":11,"column":12},"end":{"line":11,"column":64}},"3":{"start":{"line":12,"column":12},"end":{"line":12,"column":59}},"4":{"start":{"line":13,"column":12},"end":{"line":13,"column":48}},"5":{"start":{"line":14,"column":12},"end":{"line":14,"column":35}},"6":{"start":{"line":20,"column":4},"end":{"line":42,"column":null}},"7":{"start":{"line":21,"column":29},"end":{"line":22,"column":null}},"8":{"start":{"line":24,"column":19},"end":{"line":24,"column":28}},"9":{"start":{"line":25,"column":24},"end":{"line":28,"column":null}},"10":{"start":{"line":30,"column":6},"end":{"line":35,"column":8}},"11":{"start":{"line":36,"column":6},"end":{"line":39,"column":8}},"12":{"start":{"line":41,"column":6},"end":{"line":41,"column":35}},"13":{"start":{"line":9,"column":0},"end":{"line":9,"column":13}}},"fnMap":{"0":{"name":"(anonymous_0)","decl":{"start":{"line":10,"column":2},"end":{"line":10,"column":null}},"loc":{"start":{"line":14,"column":52},"end":{"line":15,"column":6}}},"1":{"name":"(anonymous_1)","decl":{"start":{"line":17,"column":2},"end":{"line":17,"column":7}},"loc":{"start":{"line":18,"column":37},"end":{"line":43,"column":3}}}},"branchMap":{"0":{"loc":{"start":{"line":14,"column":35},"end":{"line":14,"column":52}},"type":"default-arg","locations":[{"start":{"line":14,"column":35},"end":{"line":14,"column":52}}]}},"s":{"0":8,"1":8,"2":1,"3":1,"4":1,"5":1,"6":1,"7":1,"8":1,"9":1,"10":1,"11":1,"12":0,"13":8},"f":{"0":1,"1":1},"b":{"0":[1]}}
,"/home/leonardo/Provi-teste/provi-teste/functions/src/data/baseDataBase.ts": {"path":"/home/leonardo/Provi-teste/provi-teste/functions/src/data/baseDataBase.ts","statementMap":{"0":{"start":{"line":1,"column":0},"end":{"line":1,"column":24}},"1":{"start":{"line":35,"column":2},"end":{"line":35,"column":41}},"2":{"start":{"line":3,"column":0},"end":{"line":3,"column":13}},"3":{"start":{"line":4,"column":9},"end":{"line":12,"column":4}},"4":{"start":{"line":14,"column":9},"end":{"line":28,"column":4}},"5":{"start":{"line":30,"column":17},"end":{"line":33,"column":34}}},"fnMap":{"0":{"name":"(anonymous_1)","decl":{"start":{"line":3,"column":0},"end":{"line":3,"column":13}},"loc":{"start":{"line":3,"column":0},"end":{"line":36,"column":1}}}},"branchMap":{"0":{"loc":{"start":{"line":32,"column":8},"end":{"line":32,"column":27}},"type":"cond-expr","locations":[{"start":{"line":32,"column":8},"end":{"line":32,"column":27}},{"start":{"line":33,"column":8},"end":{"line":33,"column":33}}]}},"s":{"0":8,"1":36,"2":8,"3":8,"4":8,"5":8},"f":{"0":36},"b":{"0":[8,0]}}
,"/home/leonardo/Provi-teste/provi-teste/functions/src/data/userDataBase.ts": {"path":"/home/leonardo/Provi-teste/provi-teste/functions/src/data/userDataBase.ts","statementMap":{"0":{"start":{"line":1,"column":0},"end":{"line":1,"column":46}},"1":{"start":{"line":15,"column":0},"end":{"line":15,"column":54}},"2":{"start":{"line":37,"column":4},"end":{"line":46,"column":null}},"3":{"start":{"line":38,"column":6},"end":{"line":43,"column":7}},"4":{"start":{"line":45,"column":6},"end":{"line":45,"column":59}},"5":{"start":{"line":50,"column":18},"end":{"line":65,"column":14}},"6":{"start":{"line":67,"column":17},"end":{"line":67,"column":28}},"7":{"start":{"line":68,"column":4},"end":{"line":70,"column":null}},"8":{"start":{"line":69,"column":6},"end":{"line":69,"column":48}},"9":{"start":{"line":72,"column":6},"end":{"line":80,"column":16}},"10":{"start":{"line":81,"column":4},"end":{"line":92,"column":6}},"11":{"start":{"line":96,"column":4},"end":{"line":103,"column":null}},"12":{"start":{"line":97,"column":6},"end":{"line":100,"column":15}},"13":{"start":{"line":102,"column":6},"end":{"line":102,"column":58}},"14":{"start":{"line":107,"column":18},"end":{"line":109,"column":33}},"15":{"start":{"line":111,"column":17},"end":{"line":111,"column":28}},"16":{"start":{"line":112,"column":4},"end":{"line":114,"column":null}},"17":{"start":{"line":113,"column":6},"end":{"line":113,"column":58}},"18":{"start":{"line":123,"column":22},"end":{"line":123,"column":41}},"19":{"start":{"line":124,"column":18},"end":{"line":124,"column":39}},"20":{"start":{"line":125,"column":17},"end":{"line":125,"column":45}},"21":{"start":{"line":127,"column":4},"end":{"line":127,"column":50}},"22":{"start":{"line":129,"column":4},"end":{"line":137,"column":null}},"23":{"start":{"line":130,"column":6},"end":{"line":134,"column":15}},"24":{"start":{"line":136,"column":6},"end":{"line":136,"column":68}},"25":{"start":{"line":146,"column":4},"end":{"line":146,"column":50}},"26":{"start":{"line":147,"column":4},"end":{"line":155,"column":null}},"27":{"start":{"line":148,"column":6},"end":{"line":152,"column":15}},"28":{"start":{"line":154,"column":6},"end":{"line":154,"column":63}},"29":{"start":{"line":164,"column":4},"end":{"line":164,"column":50}},"30":{"start":{"line":165,"column":4},"end":{"line":173,"column":null}},"31":{"start":{"line":166,"column":6},"end":{"line":170,"column":15}},"32":{"start":{"line":172,"column":6},"end":{"line":172,"column":66}},"33":{"start":{"line":183,"column":4},"end":{"line":183,"column":50}},"34":{"start":{"line":184,"column":4},"end":{"line":196,"column":null}},"35":{"start":{"line":185,"column":39},"end":{"line":185,"column":78}},"36":{"start":{"line":186,"column":6},"end":{"line":193,"column":7}},"37":{"start":{"line":195,"column":6},"end":{"line":195,"column":63}},"38":{"start":{"line":205,"column":4},"end":{"line":205,"column":50}},"39":{"start":{"line":206,"column":4},"end":{"line":214,"column":null}},"40":{"start":{"line":207,"column":6},"end":{"line":211,"column":7}},"41":{"start":{"line":213,"column":6},"end":{"line":213,"column":71}},"42":{"start":{"line":218,"column":4},"end":{"line":227,"column":null}},"43":{"start":{"line":219,"column":21},"end":{"line":222,"column":6}},"44":{"start":{"line":224,"column":6},"end":{"line":224,"column":26}},"45":{"start":{"line":226,"column":6},"end":{"line":226,"column":75}},"46":{"start":{"line":17,"column":0},"end":{"line":17,"column":13}},"47":{"start":{"line":28,"column":17},"end":{"line":28,"column":47}},"48":{"start":{"line":29,"column":17},"end":{"line":29,"column":44}},"49":{"start":{"line":30,"column":17},"end":{"line":30,"column":51}},"50":{"start":{"line":31,"column":17},"end":{"line":31,"column":55}},"51":{"start":{"line":32,"column":17},"end":{"line":32,"column":54}},"52":{"start":{"line":33,"column":17},"end":{"line":33,"column":51}},"53":{"start":{"line":34,"column":17},"end":{"line":34,"column":47}}},"fnMap":{"0":{"name":"(anonymous_0)","decl":{"start":{"line":36,"column":2},"end":{"line":36,"column":7}},"loc":{"start":{"line":36,"column":29},"end":{"line":47,"column":3}}},"1":{"name":"(anonymous_1)","decl":{"start":{"line":49,"column":2},"end":{"line":49,"column":7}},"loc":{"start":{"line":49,"column":36},"end":{"line":93,"column":3}}},"2":{"name":"(anonymous_2)","decl":{"start":{"line":95,"column":2},"end":{"line":95,"column":7}},"loc":{"start":{"line":95,"column":61},"end":{"line":104,"column":3}}},"3":{"name":"(anonymous_3)","decl":{"start":{"line":106,"column":2},"end":{"line":106,"column":7}},"loc":{"start":{"line":106,"column":53},"end":{"line":115,"column":3}}},"4":{"name":"(anonymous_4)","decl":{"start":{"line":117,"column":2},"end":{"line":117,"column":7}},"loc":{"start":{"line":121,"column":21},"end":{"line":138,"column":3}}},"5":{"name":"(anonymous_5)","decl":{"start":{"line":140,"column":2},"end":{"line":140,"column":7}},"loc":{"start":{"line":144,"column":21},"end":{"line":156,"column":3}}},"6":{"name":"(anonymous_6)","decl":{"start":{"line":158,"column":2},"end":{"line":158,"column":7}},"loc":{"start":{"line":162,"column":21},"end":{"line":174,"column":3}}},"7":{"name":"(anonymous_7)","decl":{"start":{"line":176,"column":2},"end":{"line":176,"column":7}},"loc":{"start":{"line":181,"column":32},"end":{"line":197,"column":3}}},"8":{"name":"(anonymous_8)","decl":{"start":{"line":199,"column":2},"end":{"line":199,"column":7}},"loc":{"start":{"line":203,"column":21},"end":{"line":215,"column":3}}},"9":{"name":"(anonymous_9)","decl":{"start":{"line":217,"column":2},"end":{"line":217,"column":7}},"loc":{"start":{"line":217,"column":31},"end":{"line":228,"column":3}}}},"branchMap":{"0":{"loc":{"start":{"line":68,"column":4},"end":{"line":70,"column":null}},"type":"if","locations":[{"start":{"line":68,"column":4},"end":{"line":70,"column":null}},{"start":{"line":68,"column":4},"end":{"line":70,"column":null}}]},"1":{"loc":{"start":{"line":112,"column":4},"end":{"line":114,"column":null}},"type":"if","locations":[{"start":{"line":112,"column":4},"end":{"line":114,"column":null}},{"start":{"line":112,"column":4},"end":{"line":114,"column":null}}]},"2":{"loc":{"start":{"line":185,"column":73},"end":{"line":185,"column":74}},"type":"cond-expr","locations":[{"start":{"line":185,"column":73},"end":{"line":185,"column":74}},{"start":{"line":185,"column":77},"end":{"line":185,"column":78}}]}},"s":{"0":8,"1":8,"2":2,"3":2,"4":1,"5":18,"6":18,"7":18,"8":1,"9":17,"10":17,"11":2,"12":2,"13":1,"14":5,"15":5,"16":5,"17":0,"18":1,"19":1,"20":1,"21":1,"22":1,"23":1,"24":0,"25":1,"26":1,"27":1,"28":0,"29":1,"30":1,"31":1,"32":0,"33":1,"34":1,"35":1,"36":1,"37":0,"38":1,"39":1,"40":1,"41":0,"42":7,"43":7,"44":7,"45":0,"46":8,"47":8,"48":8,"49":8,"50":8,"51":8,"52":8,"53":8},"f":{"0":2,"1":18,"2":2,"3":5,"4":1,"5":1,"6":1,"7":1,"8":1,"9":7},"b":{"0":[1,17],"1":[0,5],"2":[0,1]}}
,"/home/leonardo/Provi-teste/provi-teste/functions/src/presentation/index.ts": {"path":"/home/leonardo/Provi-teste/provi-teste/functions/src/presentation/index.ts","statementMap":{"0":{"start":{"line":1,"column":0},"end":{"line":1,"column":48}},"1":{"start":{"line":2,"column":0},"end":{"line":2,"column":24}},"2":{"start":{"line":3,"column":0},"end":{"line":3,"column":40}},"3":{"start":{"line":4,"column":0},"end":{"line":4,"column":30}},"4":{"start":{"line":5,"column":0},"end":{"line":5,"column":60}},"5":{"start":{"line":6,"column":0},"end":{"line":6,"column":54}},"6":{"start":{"line":7,"column":0},"end":{"line":7,"column":64}},"7":{"start":{"line":8,"column":0},"end":{"line":8,"column":60}},"8":{"start":{"line":9,"column":0},"end":{"line":9,"column":64}},"9":{"start":{"line":10,"column":0},"end":{"line":10,"column":70}},"10":{"start":{"line":11,"column":0},"end":{"line":11,"column":78}},"11":{"start":{"line":12,"column":0},"end":{"line":12,"column":50}},"12":{"start":{"line":13,"column":0},"end":{"line":13,"column":68}},"13":{"start":{"line":14,"column":0},"end":{"line":14,"column":35}},"14":{"start":{"line":15,"column":0},"end":{"line":15,"column":58}},"15":{"start":{"line":16,"column":0},"end":{"line":16,"column":62}},"16":{"start":{"line":17,"column":0},"end":{"line":17,"column":72}},"17":{"start":{"line":18,"column":0},"end":{"line":18,"column":72}},"18":{"start":{"line":19,"column":0},"end":{"line":19,"column":78}},"19":{"start":{"line":20,"column":0},"end":{"line":20,"column":68}},"20":{"start":{"line":21,"column":0},"end":{"line":21,"column":86}},"21":{"start":{"line":23,"column":0},"end":{"line":23,"column":22}},"22":{"start":{"line":24,"column":13},"end":{"line":24,"column":29}},"23":{"start":{"line":25,"column":0},"end":{"line":25,"column":32}},"24":{"start":{"line":26,"column":0},"end":{"line":26,"column":24}},"25":{"start":{"line":27,"column":0},"end":{"line":27,"column":18}},"26":{"start":{"line":29,"column":0},"end":{"line":29,"column":66}},"27":{"start":{"line":30,"column":0},"end":{"line":30,"column":51}},"28":{"start":{"line":31,"column":0},"end":{"line":31,"column":61}},"29":{"start":{"line":32,"column":0},"end":{"line":32,"column":72}},"30":{"start":{"line":33,"column":0},"end":{"line":37,"column":2}},"31":{"start":{"line":38,"column":0},"end":{"line":38,"column":72}},"32":{"start":{"line":39,"column":0},"end":{"line":39,"column":66}},"33":{"start":{"line":40,"column":0},"end":{"line":44,"column":2}},"34":{"start":{"line":46,"column":13},"end":{"line":46,"column":71}}},"fnMap":{},"branchMap":{},"s":{"0":8,"1":8,"2":8,"3":8,"4":8,"5":8,"6":8,"7":8,"8":8,"9":8,"10":8,"11":8,"12":8,"13":8,"14":8,"15":8,"16":8,"17":8,"18":8,"19":8,"20":8,"21":8,"22":8,"23":8,"24":8,"25":8,"26":8,"27":8,"28":8,"29":8,"30":8,"31":8,"32":8,"33":8,"34":8},"f":{},"b":{}}
,"/home/leonardo/Provi-teste/provi-teste/functions/src/presentation/InputValidation/createUser.ts": {"path":"/home/leonardo/Provi-teste/provi-teste/functions/src/presentation/InputValidation/createUser.ts","statementMap":{"0":{"start":{"line":1,"column":0},"end":{"line":1,"column":53}},"1":{"start":{"line":3,"column":13},"end":{"line":8,"column":3}}},"fnMap":{},"branchMap":{},"s":{"0":8,"1":8},"f":{},"b":{}}
,"/home/leonardo/Provi-teste/provi-teste/functions/src/presentation/InputValidation/login.ts": {"path":"/home/leonardo/Provi-teste/provi-teste/functions/src/presentation/InputValidation/login.ts","statementMap":{"0":{"start":{"line":1,"column":0},"end":{"line":1,"column":53}},"1":{"start":{"line":3,"column":13},"end":{"line":8,"column":3}}},"fnMap":{},"branchMap":{},"s":{"0":8,"1":8},"f":{},"b":{}}
,"/home/leonardo/Provi-teste/provi-teste/functions/src/presentation/InputValidation/sendAdress.ts": {"path":"/home/leonardo/Provi-teste/provi-teste/functions/src/presentation/InputValidation/sendAdress.ts","statementMap":{"0":{"start":{"line":1,"column":0},"end":{"line":1,"column":53}},"1":{"start":{"line":3,"column":13},"end":{"line":17,"column":3}}},"fnMap":{},"branchMap":{},"s":{"0":8,"1":8},"f":{},"b":{}}
,"/home/leonardo/Provi-teste/provi-teste/functions/src/presentation/InputValidation/sendAmountRequested.ts": {"path":"/home/leonardo/Provi-teste/provi-teste/functions/src/presentation/InputValidation/sendAmountRequested.ts","statementMap":{"0":{"start":{"line":1,"column":0},"end":{"line":1,"column":53}},"1":{"start":{"line":3,"column":13},"end":{"line":10,"column":3}}},"fnMap":{},"branchMap":{},"s":{"0":8,"1":8},"f":{},"b":{}}
,"/home/leonardo/Provi-teste/provi-teste/functions/src/presentation/InputValidation/sendBirthday.ts": {"path":"/home/leonardo/Provi-teste/provi-teste/functions/src/presentation/InputValidation/sendBirthday.ts","statementMap":{"0":{"start":{"line":1,"column":0},"end":{"line":1,"column":53}},"1":{"start":{"line":3,"column":13},"end":{"line":13,"column":3}}},"fnMap":{},"branchMap":{},"s":{"0":8,"1":8},"f":{},"b":{}}
,"/home/leonardo/Provi-teste/provi-teste/functions/src/presentation/InputValidation/sendCpf.ts": {"path":"/home/leonardo/Provi-teste/provi-teste/functions/src/presentation/InputValidation/sendCpf.ts","statementMap":{"0":{"start":{"line":1,"column":0},"end":{"line":1,"column":53}},"1":{"start":{"line":3,"column":13},"end":{"line":13,"column":3}}},"fnMap":{},"branchMap":{},"s":{"0":8,"1":8},"f":{},"b":{}}
,"/home/leonardo/Provi-teste/provi-teste/functions/src/presentation/InputValidation/sendFullName.ts": {"path":"/home/leonardo/Provi-teste/provi-teste/functions/src/presentation/InputValidation/sendFullName.ts","statementMap":{"0":{"start":{"line":1,"column":0},"end":{"line":1,"column":53}},"1":{"start":{"line":3,"column":13},"end":{"line":10,"column":3}}},"fnMap":{},"branchMap":{},"s":{"0":8,"1":8},"f":{},"b":{}}
,"/home/leonardo/Provi-teste/provi-teste/functions/src/presentation/InputValidation/sendPhoneNumber.ts": {"path":"/home/leonardo/Provi-teste/provi-teste/functions/src/presentation/InputValidation/sendPhoneNumber.ts","statementMap":{"0":{"start":{"line":1,"column":0},"end":{"line":1,"column":53}},"1":{"start":{"line":3,"column":13},"end":{"line":13,"column":3}}},"fnMap":{},"branchMap":{},"s":{"0":8,"1":8},"f":{},"b":{}}
,"/home/leonardo/Provi-teste/provi-teste/functions/src/presentation/endpoints/createUser.ts": {"path":"/home/leonardo/Provi-teste/provi-teste/functions/src/presentation/endpoints/createUser.ts","statementMap":{"0":{"start":{"line":1,"column":0},"end":{"line":1,"column":null}},"1":{"start":{"line":7,"column":0},"end":{"line":7,"column":55}},"2":{"start":{"line":8,"column":0},"end":{"line":8,"column":73}},"3":{"start":{"line":9,"column":0},"end":{"line":9,"column":65}},"4":{"start":{"line":10,"column":0},"end":{"line":10,"column":65}},"5":{"start":{"line":12,"column":13},"end":{"line":33,"column":2}},"6":{"start":{"line":13,"column":2},"end":{"line":32,"column":null}},"7":{"start":{"line":14,"column":20},"end":{"line":18,"column":null}},"8":{"start":{"line":21,"column":37},"end":{"line":24,"column":6}},"9":{"start":{"line":26,"column":19},"end":{"line":26,"column":47}},"10":{"start":{"line":27,"column":4},"end":{"line":27,"column":33}},"11":{"start":{"line":29,"column":4},"end":{"line":31,"column":7}}},"fnMap":{"0":{"name":"(anonymous_0)","decl":{"start":{"line":12,"column":34},"end":{"line":12,"column":39}},"loc":{"start":{"line":12,"column":72},"end":{"line":33,"column":1}}}},"branchMap":{},"s":{"0":8,"1":8,"2":8,"3":8,"4":8,"5":8,"6":2,"7":2,"8":2,"9":2,"10":2,"11":0},"f":{"0":2},"b":{}}
,"/home/leonardo/Provi-teste/provi-teste/functions/src/presentation/endpoints/login.ts": {"path":"/home/leonardo/Provi-teste/provi-teste/functions/src/presentation/endpoints/login.ts","statementMap":{"0":{"start":{"line":1,"column":0},"end":{"line":1,"column":55}},"1":{"start":{"line":2,"column":0},"end":{"line":2,"column":73}},"2":{"start":{"line":3,"column":0},"end":{"line":3,"column":65}},"3":{"start":{"line":4,"column":0},"end":{"line":4,"column":75}},"4":{"start":{"line":7,"column":13},"end":{"line":27,"column":2}},"5":{"start":{"line":8,"column":2},"end":{"line":26,"column":null}},"6":{"start":{"line":9,"column":20},"end":{"line":12,"column":null}},"7":{"start":{"line":15,"column":32},"end":{"line":18,"column":6}},"8":{"start":{"line":20,"column":19},"end":{"line":20,"column":47}},"9":{"start":{"line":21,"column":4},"end":{"line":21,"column":33}},"10":{"start":{"line":23,"column":4},"end":{"line":25,"column":7}}},"fnMap":{"0":{"name":"(anonymous_0)","decl":{"start":{"line":7,"column":29},"end":{"line":7,"column":34}},"loc":{"start":{"line":7,"column":67},"end":{"line":27,"column":1}}}},"branchMap":{},"s":{"0":8,"1":8,"2":8,"3":8,"4":8,"5":11,"6":11,"7":11,"8":11,"9":9,"10":2},"f":{"0":11},"b":{}}
,"/home/leonardo/Provi-teste/provi-teste/functions/src/presentation/endpoints/sendAdress.ts": {"path":"/home/leonardo/Provi-teste/provi-teste/functions/src/presentation/endpoints/sendAdress.ts","statementMap":{"0":{"start":{"line":1,"column":0},"end":{"line":1,"column":null}},"1":{"start":{"line":5,"column":0},"end":{"line":5,"column":47}},"2":{"start":{"line":6,"column":0},"end":{"line":6,"column":55}},"3":{"start":{"line":7,"column":0},"end":{"line":7,"column":65}},"4":{"start":{"line":10,"column":13},"end":{"line":36,"column":2}},"5":{"start":{"line":11,"column":2},"end":{"line":35,"column":null}},"6":{"start":{"line":12,"column":20},"end":{"line":16,"column":null}},"7":{"start":{"line":19,"column":41},"end":{"line":27,"column":6}},"8":{"start":{"line":29,"column":19},"end":{"line":29,"column":47}},"9":{"start":{"line":30,"column":4},"end":{"line":30,"column":33}},"10":{"start":{"line":32,"column":4},"end":{"line":34,"column":7}}},"fnMap":{"0":{"name":"(anonymous_0)","decl":{"start":{"line":10,"column":34},"end":{"line":10,"column":39}},"loc":{"start":{"line":10,"column":72},"end":{"line":36,"column":1}}}},"branchMap":{},"s":{"0":8,"1":8,"2":8,"3":8,"4":8,"5":1,"6":1,"7":1,"8":1,"9":1,"10":0},"f":{"0":1},"b":{}}
,"/home/leonardo/Provi-teste/provi-teste/functions/src/presentation/endpoints/sendAmountRequested.ts": {"path":"/home/leonardo/Provi-teste/provi-teste/functions/src/presentation/endpoints/sendAmountRequested.ts","statementMap":{"0":{"start":{"line":1,"column":0},"end":{"line":1,"column":null}},"1":{"start":{"line":5,"column":0},"end":{"line":5,"column":55}},"2":{"start":{"line":6,"column":0},"end":{"line":6,"column":65}},"3":{"start":{"line":9,"column":13},"end":{"line":32,"column":2}},"4":{"start":{"line":13,"column":2},"end":{"line":31,"column":null}},"5":{"start":{"line":14,"column":20},"end":{"line":17,"column":null}},"6":{"start":{"line":20,"column":46},"end":{"line":23,"column":6}},"7":{"start":{"line":25,"column":19},"end":{"line":25,"column":47}},"8":{"start":{"line":26,"column":4},"end":{"line":26,"column":33}},"9":{"start":{"line":28,"column":4},"end":{"line":30,"column":7}}},"fnMap":{"0":{"name":"(anonymous_0)","decl":{"start":{"line":9,"column":43},"end":{"line":9,"column":48}},"loc":{"start":{"line":12,"column":4},"end":{"line":32,"column":1}}}},"branchMap":{},"s":{"0":8,"1":8,"2":8,"3":8,"4":1,"5":1,"6":1,"7":1,"8":1,"9":0},"f":{"0":1},"b":{}}
,"/home/leonardo/Provi-teste/provi-teste/functions/src/presentation/endpoints/sendBirthday.ts": {"path":"/home/leonardo/Provi-teste/provi-teste/functions/src/presentation/endpoints/sendBirthday.ts","statementMap":{"0":{"start":{"line":1,"column":0},"end":{"line":1,"column":null}},"1":{"start":{"line":5,"column":0},"end":{"line":5,"column":55}},"2":{"start":{"line":6,"column":0},"end":{"line":6,"column":65}},"3":{"start":{"line":9,"column":13},"end":{"line":29,"column":2}},"4":{"start":{"line":10,"column":2},"end":{"line":28,"column":null}},"5":{"start":{"line":11,"column":20},"end":{"line":14,"column":null}},"6":{"start":{"line":17,"column":43},"end":{"line":20,"column":6}},"7":{"start":{"line":22,"column":19},"end":{"line":22,"column":47}},"8":{"start":{"line":23,"column":4},"end":{"line":23,"column":33}},"9":{"start":{"line":25,"column":4},"end":{"line":27,"column":7}}},"fnMap":{"0":{"name":"(anonymous_0)","decl":{"start":{"line":9,"column":36},"end":{"line":9,"column":41}},"loc":{"start":{"line":9,"column":74},"end":{"line":29,"column":1}}}},"branchMap":{},"s":{"0":8,"1":8,"2":8,"3":8,"4":1,"5":1,"6":1,"7":1,"8":1,"9":0},"f":{"0":1},"b":{}}
,"/home/leonardo/Provi-teste/provi-teste/functions/src/presentation/endpoints/sendCpf.ts": {"path":"/home/leonardo/Provi-teste/provi-teste/functions/src/presentation/endpoints/sendCpf.ts","statementMap":{"0":{"start":{"line":1,"column":0},"end":{"line":1,"column":null}},"1":{"start":{"line":5,"column":0},"end":{"line":5,"column":55}},"2":{"start":{"line":6,"column":0},"end":{"line":6,"column":65}},"3":{"start":{"line":9,"column":13},"end":{"line":29,"column":2}},"4":{"start":{"line":10,"column":2},"end":{"line":28,"column":null}},"5":{"start":{"line":11,"column":20},"end":{"line":14,"column":null}},"6":{"start":{"line":17,"column":38},"end":{"line":20,"column":6}},"7":{"start":{"line":22,"column":19},"end":{"line":22,"column":47}},"8":{"start":{"line":23,"column":4},"end":{"line":23,"column":33}},"9":{"start":{"line":25,"column":4},"end":{"line":27,"column":7}}},"fnMap":{"0":{"name":"(anonymous_0)","decl":{"start":{"line":9,"column":31},"end":{"line":9,"column":36}},"loc":{"start":{"line":9,"column":69},"end":{"line":29,"column":1}}}},"branchMap":{},"s":{"0":8,"1":8,"2":8,"3":8,"4":3,"5":3,"6":3,"7":3,"8":1,"9":2},"f":{"0":3},"b":{}}
,"/home/leonardo/Provi-teste/provi-teste/functions/src/presentation/endpoints/sendFullName.ts": {"path":"/home/leonardo/Provi-teste/provi-teste/functions/src/presentation/endpoints/sendFullName.ts","statementMap":{"0":{"start":{"line":1,"column":0},"end":{"line":1,"column":55}},"1":{"start":{"line":2,"column":0},"end":{"line":2,"column":65}},"2":{"start":{"line":3,"column":0},"end":{"line":3,"column":null}},"3":{"start":{"line":9,"column":13},"end":{"line":29,"column":2}},"4":{"start":{"line":10,"column":2},"end":{"line":28,"column":null}},"5":{"start":{"line":11,"column":20},"end":{"line":14,"column":null}},"6":{"start":{"line":17,"column":43},"end":{"line":20,"column":6}},"7":{"start":{"line":22,"column":19},"end":{"line":22,"column":47}},"8":{"start":{"line":23,"column":4},"end":{"line":23,"column":33}},"9":{"start":{"line":25,"column":4},"end":{"line":27,"column":7}}},"fnMap":{"0":{"name":"(anonymous_0)","decl":{"start":{"line":9,"column":36},"end":{"line":9,"column":41}},"loc":{"start":{"line":9,"column":74},"end":{"line":29,"column":1}}}},"branchMap":{},"s":{"0":8,"1":8,"2":8,"3":8,"4":1,"5":1,"6":1,"7":1,"8":1,"9":0},"f":{"0":1},"b":{}}
,"/home/leonardo/Provi-teste/provi-teste/functions/src/presentation/endpoints/sendPhoneNumber.ts": {"path":"/home/leonardo/Provi-teste/provi-teste/functions/src/presentation/endpoints/sendPhoneNumber.ts","statementMap":{"0":{"start":{"line":1,"column":0},"end":{"line":1,"column":null}},"1":{"start":{"line":5,"column":0},"end":{"line":5,"column":55}},"2":{"start":{"line":6,"column":0},"end":{"line":6,"column":65}},"3":{"start":{"line":9,"column":13},"end":{"line":29,"column":2}},"4":{"start":{"line":10,"column":2},"end":{"line":28,"column":null}},"5":{"start":{"line":11,"column":20},"end":{"line":14,"column":null}},"6":{"start":{"line":17,"column":46},"end":{"line":20,"column":6}},"7":{"start":{"line":22,"column":19},"end":{"line":22,"column":47}},"8":{"start":{"line":23,"column":4},"end":{"line":23,"column":33}},"9":{"start":{"line":25,"column":4},"end":{"line":27,"column":7}}},"fnMap":{"0":{"name":"(anonymous_0)","decl":{"start":{"line":9,"column":39},"end":{"line":9,"column":44}},"loc":{"start":{"line":9,"column":77},"end":{"line":29,"column":1}}}},"branchMap":{},"s":{"0":8,"1":8,"2":8,"3":8,"4":1,"5":1,"6":1,"7":1,"8":1,"9":0},"f":{"0":1},"b":{}}
,"/home/leonardo/Provi-teste/provi-teste/functions/src/services/JWTCryptography.ts": {"path":"/home/leonardo/Provi-teste/provi-teste/functions/src/services/JWTCryptography.ts","statementMap":{"0":{"start":{"line":1,"column":0},"end":{"line":1,"column":36}},"1":{"start":{"line":13,"column":4},"end":{"line":15,"column":null}},"2":{"start":{"line":14,"column":6},"end":{"line":14,"column":57}},"3":{"start":{"line":16,"column":4},"end":{"line":16,"column":38}},"4":{"start":{"line":20,"column":4},"end":{"line":22,"column":7}},"5":{"start":{"line":26,"column":4},"end":{"line":31,"column":null}},"6":{"start":{"line":27,"column":22},"end":{"line":27,"column":74}},"7":{"start":{"line":28,"column":6},"end":{"line":28,"column":28}},"8":{"start":{"line":30,"column":6},"end":{"line":30,"column":67}},"9":{"start":{"line":8,"column":0},"end":{"line":8,"column":13}},"10":{"start":{"line":10,"column":17},"end":{"line":10,"column":35}}},"fnMap":{"0":{"name":"(anonymous_1)","decl":{"start":{"line":12,"column":2},"end":{"line":12,"column":17}},"loc":{"start":{"line":12,"column":17},"end":{"line":17,"column":3}}},"1":{"name":"(anonymous_2)","decl":{"start":{"line":19,"column":2},"end":{"line":19,"column":15}},"loc":{"start":{"line":19,"column":30},"end":{"line":23,"column":3}}},"2":{"name":"(anonymous_3)","decl":{"start":{"line":25,"column":2},"end":{"line":25,"column":20}},"loc":{"start":{"line":25,"column":34},"end":{"line":32,"column":3}}}},"branchMap":{"0":{"loc":{"start":{"line":13,"column":4},"end":{"line":15,"column":null}},"type":"if","locations":[{"start":{"line":13,"column":4},"end":{"line":15,"column":null}},{"start":{"line":13,"column":4},"end":{"line":15,"column":null}}]}},"s":{"0":9,"1":19,"2":0,"3":19,"4":10,"5":9,"6":9,"7":8,"8":1,"9":9,"10":9},"f":{"0":19,"1":10,"2":9},"b":{"0":[0,19]}}
,"/home/leonardo/Provi-teste/provi-teste/functions/src/services/bcryptCryptography.ts": {"path":"/home/leonardo/Provi-teste/provi-teste/functions/src/services/bcryptCryptography.ts","statementMap":{"0":{"start":{"line":1,"column":0},"end":{"line":1,"column":28}},"1":{"start":{"line":9,"column":8},"end":{"line":17,"column":null}},"2":{"start":{"line":10,"column":25},"end":{"line":10,"column":86}},"3":{"start":{"line":11,"column":8},"end":{"line":14,"column":null}},"4":{"start":{"line":16,"column":12},"end":{"line":16,"column":null}},"5":{"start":{"line":22,"column":8},"end":{"line":26,"column":null}},"6":{"start":{"line":23,"column":12},"end":{"line":23,"column":null}},"7":{"start":{"line":25,"column":12},"end":{"line":25,"column":null}},"8":{"start":{"line":5,"column":0},"end":{"line":5,"column":13}},"9":{"start":{"line":6,"column":19},"end":{"line":6,"column":null}}},"fnMap":{"0":{"name":"(anonymous_1)","decl":{"start":{"line":8,"column":4},"end":{"line":8,"column":9}},"loc":{"start":{"line":8,"column":30},"end":{"line":19,"column":5}}},"1":{"name":"(anonymous_2)","decl":{"start":{"line":21,"column":4},"end":{"line":21,"column":9}},"loc":{"start":{"line":21,"column":44},"end":{"line":29,"column":5}}}},"branchMap":{},"s":{"0":8,"1":2,"2":2,"3":2,"4":0,"5":10,"6":10,"7":0,"8":8,"9":8},"f":{"0":2,"1":10},"b":{}}
,"/home/leonardo/Provi-teste/provi-teste/functions/src/services/uuidIdGenerator.ts": {"path":"/home/leonardo/Provi-teste/provi-teste/functions/src/services/uuidIdGenerator.ts","statementMap":{"0":{"start":{"line":3,"column":0},"end":{"line":3,"column":36}},"1":{"start":{"line":7,"column":8},"end":{"line":7,"column":24}},"2":{"start":{"line":5,"column":0},"end":{"line":5,"column":13}}},"fnMap":{"0":{"name":"(anonymous_0)","decl":{"start":{"line":6,"column":4},"end":{"line":6,"column":12}},"loc":{"start":{"line":6,"column":12},"end":{"line":8,"column":5}}}},"branchMap":{},"s":{"0":8,"1":2,"2":8},"f":{"0":2},"b":{}}
,"/home/leonardo/Provi-teste/provi-teste/functions/src/services/viaCep.ts": {"path":"/home/leonardo/Provi-teste/provi-teste/functions/src/services/viaCep.ts","statementMap":{"0":{"start":{"line":3,"column":0},"end":{"line":3,"column":25}},"1":{"start":{"line":9,"column":8},"end":{"line":14,"column":null}},"2":{"start":{"line":11,"column":12},"end":{"line":11,"column":null}},"3":{"start":{"line":13,"column":12},"end":{"line":13,"column":null}},"4":{"start":{"line":6,"column":0},"end":{"line":6,"column":13}}},"fnMap":{"0":{"name":"(anonymous_1)","decl":{"start":{"line":7,"column":4},"end":{"line":7,"column":9}},"loc":{"start":{"line":7,"column":31},"end":{"line":15,"column":5}}}},"branchMap":{},"s":{"0":8,"1":1,"2":1,"3":0,"4":8},"f":{"0":1},"b":{}}
,"/home/leonardo/Provi-teste/provi-teste/functions/src/utils/getDate.ts": {"path":"/home/leonardo/Provi-teste/provi-teste/functions/src/utils/getDate.ts","statementMap":{"0":{"start":{"line":1,"column":0},"end":{"line":1,"column":28}},"1":{"start":{"line":4,"column":2},"end":{"line":4,"column":48}},"2":{"start":{"line":3,"column":0},"end":{"line":3,"column":16}}},"fnMap":{"0":{"name":"getDate","decl":{"start":{"line":3,"column":16},"end":{"line":3,"column":23}},"loc":{"start":{"line":3,"column":23},"end":{"line":5,"column":1}}}},"branchMap":{},"s":{"0":8,"1":7,"2":8},"f":{"0":7},"b":{}}
}
