TN:
SF:src/business/endpoinsInfo/endpoinsInfo.ts
FN:17,getOrderInfo
FN:47,getUseCaseOrder
FNF:2
FNH:2
FNDA:7,getOrderInfo
FNDA:7,getUseCaseOrder
DA:8,8
DA:17,8
DA:22,7
DA:23,7
DA:24,7
DA:26,7
DA:27,0
DA:29,7
DA:30,7
DA:31,7
DA:33,7
DA:34,42
DA:35,5
DA:38,7
DA:39,6
DA:41,7
DA:51,7
DA:52,7
DA:53,7
DA:54,7
DA:55,7
LF:21
LH:20
BRDA:26,0,0,0
BRDA:26,0,1,7
BRDA:34,1,0,5
BRDA:34,1,1,37
BRDA:38,2,0,6
BRDA:38,2,1,1
BRF:6
BRH:5
end_of_record
TN:
SF:src/business/entities/user/user.ts
FN:3,(anonymous_0)
FN:25,(anonymous_1)
FN:29,(anonymous_2)
FN:33,(anonymous_3)
FN:37,(anonymous_4)
FN:41,(anonymous_5)
FN:45,(anonymous_6)
FN:49,(anonymous_7)
FN:53,(anonymous_8)
FN:57,(anonymous_9)
FN:61,(anonymous_10)
FN:65,(anonymous_11)
FNF:12
FNH:12
FNDA:19,(anonymous_0)
FNDA:11,(anonymous_1)
FNDA:1,(anonymous_2)
FNDA:1,(anonymous_3)
FNDA:1,(anonymous_4)
FNDA:1,(anonymous_5)
FNDA:3,(anonymous_6)
FNDA:1,(anonymous_7)
FNDA:12,(anonymous_8)
FNDA:1,(anonymous_9)
FNDA:2,(anonymous_10)
FNDA:1,(anonymous_11)
DA:1,8
DA:4,19
DA:5,19
DA:6,19
DA:7,19
DA:8,19
DA:9,19
DA:10,19
DA:11,19
DA:12,19
DA:13,19
DA:15,19
DA:26,11
DA:30,1
DA:34,1
DA:38,1
DA:42,1
DA:46,3
DA:50,1
DA:54,12
DA:58,1
DA:62,2
DA:66,1
LF:23
LH:23
BRF:0
BRH:0
end_of_record
TN:
SF:src/business/useCases/auth/login.ts
FN:7,(anonymous_0)
FN:13,(anonymous_1)
FNF:2
FNH:2
FNDA:11,(anonymous_0)
FNDA:11,(anonymous_1)
DA:6,8
DA:8,11
DA:9,11
DA:10,11
DA:14,11
DA:15,10
DA:20,10
DA:21,1
DA:24,9
DA:26,9
LF:10
LH:10
BRDA:20,0,0,1
BRDA:20,0,1,9
BRF:2
BRH:2
end_of_record
TN:
SF:src/business/useCases/user/createUser.ts
FN:8,(anonymous_0)
FN:15,(anonymous_1)
FNF:2
FNH:2
FNDA:2,(anonymous_0)
FNDA:2,(anonymous_1)
DA:5,8
DA:7,8
DA:9,2
DA:10,2
DA:11,2
DA:12,2
DA:16,2
DA:19,2
DA:20,2
DA:21,2
DA:22,2
DA:23,1
DA:24,1
DA:28,1
LF:14
LH:14
BRF:0
BRH:0
end_of_record
TN:
SF:src/business/useCases/user/sendAdress.ts
FN:16,(anonymous_0)
FN:24,(anonymous_1)
FN:63,(anonymous_2)
FN:68,(anonymous_3)
FN:84,(anonymous_4)
FNF:5
FNH:5
FNDA:1,(anonymous_0)
FNDA:1,(anonymous_1)
FNDA:1,(anonymous_2)
FNDA:1,(anonymous_3)
FNDA:1,(anonymous_4)
DA:12,8
DA:13,8
DA:15,8
DA:17,1
DA:18,1
DA:19,1
DA:20,1
DA:21,1
DA:25,1
DA:26,1
DA:27,1
DA:30,1
DA:31,1
DA:36,1
DA:38,1
DA:47,1
DA:54,1
DA:59,0
DA:64,1
DA:65,1
DA:72,1
DA:79,0
DA:81,1
DA:88,1
DA:91,1
DA:92,1
LF:26
LH:24
BRDA:21,0,0,1
BRDA:72,1,0,0
BRDA:72,1,1,1
BRDA:73,2,0,1
BRDA:73,2,1,1
BRDA:73,2,2,1
BRF:6
BRH:5
end_of_record
TN:
SF:src/business/useCases/user/sendAmountRequested.ts
FN:10,(anonymous_0)
FN:17,(anonymous_1)
FNF:2
FNH:2
FNDA:1,(anonymous_0)
FNDA:1,(anonymous_1)
DA:6,8
DA:7,8
DA:9,8
DA:11,1
DA:12,1
DA:13,1
DA:14,1
DA:20,1
DA:21,1
DA:24,1
DA:25,1
DA:30,1
DA:36,1
DA:41,0
LF:14
LH:13
BRDA:14,0,0,1
BRF:1
BRH:1
end_of_record
TN:
SF:src/business/useCases/user/sendBirthday.ts
FN:10,(anonymous_0)
FN:17,(anonymous_1)
FNF:2
FNH:2
FNDA:1,(anonymous_0)
FNDA:1,(anonymous_1)
DA:6,8
DA:7,8
DA:9,8
DA:11,1
DA:12,1
DA:13,1
DA:14,1
DA:20,1
DA:21,1
DA:25,1
DA:26,1
DA:31,1
DA:37,1
DA:42,0
LF:14
LH:13
BRDA:14,0,0,1
BRF:1
BRH:1
end_of_record
TN:
SF:src/business/useCases/user/sendCpf.ts
FN:10,(anonymous_1)
FN:17,(anonymous_2)
FNF:2
FNH:2
FNDA:3,(anonymous_1)
FNDA:3,(anonymous_2)
DA:6,8
DA:7,8
DA:8,8
DA:9,8
DA:11,3
DA:12,3
DA:13,3
DA:14,3
DA:18,3
DA:19,3
DA:22,3
DA:23,1
DA:25,2
DA:26,2
DA:27,2
DA:32,2
DA:33,1
DA:38,2
LF:18
LH:18
BRDA:14,0,0,3
BRDA:22,1,0,1
BRDA:22,1,1,2
BRF:3
BRH:3
end_of_record
TN:
SF:src/business/useCases/user/sendFullName.ts
FN:10,(anonymous_0)
FN:17,(anonymous_1)
FNF:2
FNH:2
FNDA:1,(anonymous_0)
FNDA:1,(anonymous_1)
DA:6,8
DA:7,8
DA:9,8
DA:11,1
DA:12,1
DA:13,1
DA:14,1
DA:20,1
DA:21,1
DA:25,1
DA:26,1
DA:31,1
DA:37,1
DA:42,0
LF:14
LH:13
BRDA:14,0,0,1
BRF:1
BRH:1
end_of_record
TN:
SF:src/business/useCases/user/sendPhoneNumber.ts
FN:10,(anonymous_0)
FN:17,(anonymous_1)
FNF:2
FNH:2
FNDA:1,(anonymous_0)
FNDA:1,(anonymous_1)
DA:6,8
DA:7,8
DA:9,8
DA:11,1
DA:12,1
DA:13,1
DA:14,1
DA:20,1
DA:21,1
DA:24,1
DA:25,1
DA:30,1
DA:36,1
DA:41,0
LF:14
LH:13
BRDA:14,0,0,1
BRF:1
BRH:1
end_of_record
TN:
SF:src/data/baseDataBase.ts
FN:3,(anonymous_1)
FNF:1
FNH:1
FNDA:36,(anonymous_1)
DA:1,8
DA:3,8
DA:4,8
DA:14,8
DA:30,8
DA:35,36
LF:6
LH:6
BRDA:32,0,0,8
BRDA:32,0,1,0
BRF:2
BRH:1
end_of_record
TN:
SF:src/data/userDataBase.ts
FN:36,(anonymous_0)
FN:49,(anonymous_1)
FN:95,(anonymous_2)
FN:106,(anonymous_3)
FN:117,(anonymous_4)
FN:140,(anonymous_5)
FN:158,(anonymous_6)
FN:176,(anonymous_7)
FN:199,(anonymous_8)
FN:217,(anonymous_9)
FNF:10
FNH:10
FNDA:2,(anonymous_0)
FNDA:18,(anonymous_1)
FNDA:2,(anonymous_2)
FNDA:5,(anonymous_3)
FNDA:1,(anonymous_4)
FNDA:1,(anonymous_5)
FNDA:1,(anonymous_6)
FNDA:1,(anonymous_7)
FNDA:1,(anonymous_8)
FNDA:7,(anonymous_9)
DA:1,8
DA:15,8
DA:17,8
DA:28,8
DA:29,8
DA:30,8
DA:31,8
DA:32,8
DA:33,8
DA:34,8
DA:37,2
DA:38,2
DA:45,1
DA:50,18
DA:67,18
DA:68,18
DA:69,1
DA:72,17
DA:81,17
DA:96,2
DA:97,2
DA:102,1
DA:107,5
DA:111,5
DA:112,5
DA:113,0
DA:123,1
DA:124,1
DA:125,1
DA:127,1
DA:129,1
DA:130,1
DA:136,0
DA:146,1
DA:147,1
DA:148,1
DA:154,0
DA:164,1
DA:165,1
DA:166,1
DA:172,0
DA:183,1
DA:184,1
DA:185,1
DA:186,1
DA:195,0
DA:205,1
DA:206,1
DA:207,1
DA:213,0
DA:218,7
DA:219,7
DA:224,7
DA:226,0
LF:54
LH:47
BRDA:68,0,0,1
BRDA:68,0,1,17
BRDA:112,1,0,0
BRDA:112,1,1,5
BRDA:185,2,0,0
BRDA:185,2,1,1
BRF:6
BRH:4
end_of_record
TN:
SF:src/presentation/index.ts
FNF:0
FNH:0
DA:1,8
DA:2,8
DA:3,8
DA:4,8
DA:5,8
DA:6,8
DA:7,8
DA:8,8
DA:9,8
DA:10,8
DA:11,8
DA:12,8
DA:13,8
DA:14,8
DA:15,8
DA:16,8
DA:17,8
DA:18,8
DA:19,8
DA:20,8
DA:21,8
DA:23,8
DA:24,8
DA:25,8
DA:26,8
DA:27,8
DA:29,8
DA:30,8
DA:31,8
DA:32,8
DA:33,8
DA:38,8
DA:39,8
DA:40,8
DA:46,8
LF:35
LH:35
BRF:0
BRH:0
end_of_record
TN:
SF:src/presentation/InputValidation/createUser.ts
FNF:0
FNH:0
DA:1,8
DA:3,8
LF:2
LH:2
BRF:0
BRH:0
end_of_record
TN:
SF:src/presentation/InputValidation/login.ts
FNF:0
FNH:0
DA:1,8
DA:3,8
LF:2
LH:2
BRF:0
BRH:0
end_of_record
TN:
SF:src/presentation/InputValidation/sendAdress.ts
FNF:0
FNH:0
DA:1,8
DA:3,8
LF:2
LH:2
BRF:0
BRH:0
end_of_record
TN:
SF:src/presentation/InputValidation/sendAmountRequested.ts
FNF:0
FNH:0
DA:1,8
DA:3,8
LF:2
LH:2
BRF:0
BRH:0
end_of_record
TN:
SF:src/presentation/InputValidation/sendBirthday.ts
FNF:0
FNH:0
DA:1,8
DA:3,8
LF:2
LH:2
BRF:0
BRH:0
end_of_record
TN:
SF:src/presentation/InputValidation/sendCpf.ts
FNF:0
FNH:0
DA:1,8
DA:3,8
LF:2
LH:2
BRF:0
BRH:0
end_of_record
TN:
SF:src/presentation/InputValidation/sendFullName.ts
FNF:0
FNH:0
DA:1,8
DA:3,8
LF:2
LH:2
BRF:0
BRH:0
end_of_record
TN:
SF:src/presentation/InputValidation/sendPhoneNumber.ts
FNF:0
FNH:0
DA:1,8
DA:3,8
LF:2
LH:2
BRF:0
BRH:0
end_of_record
TN:
SF:src/presentation/endpoints/createUser.ts
FN:12,(anonymous_0)
FNF:1
FNH:1
FNDA:2,(anonymous_0)
DA:1,8
DA:7,8
DA:8,8
DA:9,8
DA:10,8
DA:12,8
DA:13,2
DA:14,2
DA:21,2
DA:26,2
DA:27,2
DA:29,0
LF:12
LH:11
BRF:0
BRH:0
end_of_record
TN:
SF:src/presentation/endpoints/login.ts
FN:7,(anonymous_0)
FNF:1
FNH:1
FNDA:11,(anonymous_0)
DA:1,8
DA:2,8
DA:3,8
DA:4,8
DA:7,8
DA:8,11
DA:9,11
DA:15,11
DA:20,11
DA:21,9
DA:23,2
LF:11
LH:11
BRF:0
BRH:0
end_of_record
TN:
SF:src/presentation/endpoints/sendAdress.ts
FN:10,(anonymous_0)
FNF:1
FNH:1
FNDA:1,(anonymous_0)
DA:1,8
DA:5,8
DA:6,8
DA:7,8
DA:10,8
DA:11,1
DA:12,1
DA:19,1
DA:29,1
DA:30,1
DA:32,0
LF:11
LH:10
BRF:0
BRH:0
end_of_record
TN:
SF:src/presentation/endpoints/sendAmountRequested.ts
FN:9,(anonymous_0)
FNF:1
FNH:1
FNDA:1,(anonymous_0)
DA:1,8
DA:5,8
DA:6,8
DA:9,8
DA:13,1
DA:14,1
DA:20,1
DA:25,1
DA:26,1
DA:28,0
LF:10
LH:9
BRF:0
BRH:0
end_of_record
TN:
SF:src/presentation/endpoints/sendBirthday.ts
FN:9,(anonymous_0)
FNF:1
FNH:1
FNDA:1,(anonymous_0)
DA:1,8
DA:5,8
DA:6,8
DA:9,8
DA:10,1
DA:11,1
DA:17,1
DA:22,1
DA:23,1
DA:25,0
LF:10
LH:9
BRF:0
BRH:0
end_of_record
TN:
SF:src/presentation/endpoints/sendCpf.ts
FN:9,(anonymous_0)
FNF:1
FNH:1
FNDA:3,(anonymous_0)
DA:1,8
DA:5,8
DA:6,8
DA:9,8
DA:10,3
DA:11,3
DA:17,3
DA:22,3
DA:23,1
DA:25,2
LF:10
LH:10
BRF:0
BRH:0
end_of_record
TN:
SF:src/presentation/endpoints/sendFullName.ts
FN:9,(anonymous_0)
FNF:1
FNH:1
FNDA:1,(anonymous_0)
DA:1,8
DA:2,8
DA:3,8
DA:9,8
DA:10,1
DA:11,1
DA:17,1
DA:22,1
DA:23,1
DA:25,0
LF:10
LH:9
BRF:0
BRH:0
end_of_record
TN:
SF:src/presentation/endpoints/sendPhoneNumber.ts
FN:9,(anonymous_0)
FNF:1
FNH:1
FNDA:1,(anonymous_0)
DA:1,8
DA:5,8
DA:6,8
DA:9,8
DA:10,1
DA:11,1
DA:17,1
DA:22,1
DA:23,1
DA:25,0
LF:10
LH:9
BRF:0
BRH:0
end_of_record
TN:
SF:src/services/JWTCryptography.ts
FN:12,(anonymous_1)
FN:19,(anonymous_2)
FN:25,(anonymous_3)
FNF:3
FNH:3
FNDA:19,(anonymous_1)
FNDA:10,(anonymous_2)
FNDA:9,(anonymous_3)
DA:1,9
DA:8,9
DA:10,9
DA:13,19
DA:14,0
DA:16,19
DA:20,10
DA:26,9
DA:27,9
DA:28,8
DA:30,1
LF:11
LH:10
BRDA:13,0,0,0
BRDA:13,0,1,19
BRF:2
BRH:1
end_of_record
TN:
SF:src/services/bcryptCryptography.ts
FN:8,(anonymous_1)
FN:21,(anonymous_2)
FNF:2
FNH:2
FNDA:2,(anonymous_1)
FNDA:10,(anonymous_2)
DA:1,8
DA:5,8
DA:6,8
DA:9,2
DA:10,2
DA:11,2
DA:16,0
DA:22,10
DA:23,10
DA:25,0
LF:10
LH:8
BRF:0
BRH:0
end_of_record
TN:
SF:src/services/uuidIdGenerator.ts
FN:6,(anonymous_0)
FNF:1
FNH:1
FNDA:2,(anonymous_0)
DA:3,8
DA:5,8
DA:7,2
LF:3
LH:3
BRF:0
BRH:0
end_of_record
TN:
SF:src/services/viaCep.ts
FN:7,(anonymous_1)
FNF:1
FNH:1
FNDA:1,(anonymous_1)
DA:3,8
DA:6,8
DA:9,1
DA:11,1
DA:13,0
LF:5
LH:4
BRF:0
BRH:0
end_of_record
TN:
SF:src/utils/getDate.ts
FN:3,getDate
FNF:1
FNH:1
FNDA:7,getDate
DA:1,8
DA:3,8
DA:4,7
LF:3
LH:3
BRF:0
BRH:0
end_of_record
